{
  "stats": {
    "suites": 1,
    "tests": 1,
    "passes": 1,
    "pending": 0,
    "failures": 0,
    "start": "2022-10-06T04:06:26.010Z",
    "end": "2022-10-06T04:06:35.488Z",
    "duration": 9478,
    "testsRegistered": 1,
    "passPercent": 100,
    "pendingPercent": 0,
    "other": 0,
    "hasOther": false,
    "skipped": 0,
    "hasSkipped": false
  },
  "results": [
    {
      "uuid": "a0618c7c-8205-433e-8eb0-b5e2028723f0",
      "title": "",
      "fullFile": "/home/exan/seleniumDemo/test/firstTest.js",
      "file": "/test/firstTest.js",
      "beforeHooks": [],
      "afterHooks": [],
      "tests": [],
      "suites": [
        {
          "uuid": "91868b6c-7809-4b31-99ff-0945f30096f0",
          "title": "add todo tests",
          "fullFile": "/home/exan/seleniumDemo/test/firstTest.js",
          "file": "/test/firstTest.js",
          "beforeHooks": [],
          "afterHooks": [],
          "tests": [
            {
              "title": "successfully adds a todo",
              "fullTitle": "add todo tests successfully adds a todo",
              "timedOut": null,
              "duration": 9033,
              "state": "passed",
              "speed": "slow",
              "pass": true,
              "fail": false,
              "pending": false,
              "context": null,
              "code": "//launch the browser\nlet driver = await new Builder().forBrowser(\"firefox\").build();\n//navigate to our location\nawait driver.get(\"https://lambdatest.github.io/sample-todo-app/\");\n//add a todo\nawait driver.findElement(By.id(\"sampletodotext\")).sendKeys(\"Learn Selenium\", Key.RETURN);\n//assert\nlet todoText = await driver.findElement(By.xpath(\"//li[last()]\")).getText().then(function(value){\nreturn value\n});\n//assert using chai .should\ntodoText.should.equal(\"Learn Selenium\");\n\n//close the browser\nawait driver.quit();",
              "err": {},
              "uuid": "e5d1a050-bb35-4ced-bb3e-30dd4c3ef888",
              "parentUUID": null,
              "isHook": false,
              "skipped": false
            }
          ],
          "suites": [],
          "passes": [
            "e5d1a050-bb35-4ced-bb3e-30dd4c3ef888"
          ],
          "failures": [],
          "pending": [],
          "skipped": [],
          "duration": 9033,
          "root": false,
          "rootEmpty": false,
          "_timeout": null
        }
      ],
      "passes": [],
      "failures": [],
      "pending": [],
      "skipped": [],
      "duration": 0,
      "root": true,
      "rootEmpty": true,
      "_timeout": 0
    }
  ],
  "meta": {
    "mocha": {
      "version": "10.0.0"
    },
    "mochawesome": {
      "options": {
        "quiet": false,
        "reportFilename": "mochawesome",
        "saveHtml": true,
        "saveJson": true,
        "consoleReporter": "spec",
        "useInlineDiffs": false,
        "code": true
      },
      "version": "7.1.3"
    },
    "marge": {
      "options": null,
      "version": "6.2.0"
    }
  }
}